<?xml version="1.0" encoding="utf-8"?><testsuites name="pytest tests"><testsuite name="pytest" errors="0" failures="2" skipped="0" tests="17" time="4.601" timestamp="2026-08-06T12:52:14.027365+00:00" hostname="agent-env-92a0692d-175e-47e7-8c76-f6708e281da5"><testcase classname="backend.tests.test_iter4_mapping_and_lead_insurance.TestImportMapping" name="test_preview_custom_headers_auto_suggests" time="0.565" /><testcase classname="backend.tests.test_iter4_mapping_and_lead_insurance.TestImportMapping" name="test_preview_with_explicit_mapping" time="0.122" /><testcase classname="backend.tests.test_iter4_mapping_and_lead_insurance.TestImportMapping" name="test_commit_with_mapping_creates_leads" time="1.256" /><testcase classname="backend.tests.test_iter4_mapping_and_lead_insurance.TestImportMapping" name="test_preview_standard_headers_auto_map" time="0.119" /><testcase classname="backend.tests.test_iter4_mapping_and_lead_insurance.TestImportMapping" name="test_cleanup_close" time="0.230" /><testcase classname="backend.tests.test_iter4_mapping_and_lead_insurance.TestInsuranceFromLead" name="test_create_with_leadId" time="0.231" /><testcase classname="backend.tests.test_iter4_mapping_and_lead_insurance.TestInsuranceFromLead" name="test_list_filter_by_lead_id" time="0.092" /><testcase classname="backend.tests.test_iter4_mapping_and_lead_insurance.TestInsuranceFromLead" name="test_list_filter_isolates_other_lead" time="0.096" /><testcase classname="backend.tests.test_iter4_mapping_and_lead_insurance.TestInsuranceFromLead" name="test_cleanup" time="0.096" /><testcase classname="backend.tests.test_iter4_mapping_and_lead_insurance.TestGSheetsRegression" name="test_status_read_only" time="0.432" /><testcase classname="backend.tests.test_iter4_mapping_and_lead_insurance.TestGSheetsRegression" name="test_create_lead_still_200" time="0.238" /><testcase classname="backend.tests.test_iter4_mapping_and_lead_insurance.TestGSheetsRegression" name="test_create_insurance_still_200" time="0.188" /><testcase classname="backend.tests.test_iter4_mapping_and_lead_insurance.TestRegression" name="test_owner_login_and_me" time="0.095" /><testcase classname="backend.tests.test_iter4_mapping_and_lead_insurance.TestRegression" name="test_executive_blocked_dealer_earnings" time="0.438" /><testcase classname="backend.tests.test_iter4_mapping_and_lead_insurance.TestRegression" name="test_public_share" time="0.105" /><testcase classname="backend.tests.test_iter4_mapping_and_lead_insurance.TestRegression" name="test_price_master" time="0.101"><failure message="assert 404 == 200&#10; +  where 404 = &lt;Response [404]&gt;.status_code">backend/tests/test_iter4_mapping_and_lead_insurance.py:248: in test_price_master
    assert r.status_code == 200
E   assert 404 == 200
E    +  where 404 = &lt;Response [404]&gt;.status_code</failure></testcase><testcase classname="backend.tests.test_iter4_mapping_and_lead_insurance.TestRegression" name="test_scheme_master" time="0.090"><failure message="assert 404 == 200&#10; +  where 404 = &lt;Response [404]&gt;.status_code">backend/tests/test_iter4_mapping_and_lead_insurance.py:253: in test_scheme_master
    assert r.status_code == 200
E   assert 404 == 200
E    +  where 404 = &lt;Response [404]&gt;.status_code</failure></testcase></testsuite></testsuites>