<?xml version="1.0" encoding="utf-8"?><testsuites name="pytest tests"><testsuite name="pytest" errors="0" failures="0" skipped="0" tests="13" time="3.588" timestamp="2026-08-06T12:42:38.079681+00:00" hostname="agent-env-92a0692d-175e-47e7-8c76-f6708e281da5"><testcase classname="backend.tests.test_iter3_insurance_import.TestInsurance" name="test_requires_auth" time="0.422" /><testcase classname="backend.tests.test_iter3_insurance_import.TestInsurance" name="test_create_percent_rate" time="0.455" /><testcase classname="backend.tests.test_iter3_insurance_import.TestInsurance" name="test_create_fraction_rate" time="0.148" /><testcase classname="backend.tests.test_iter3_insurance_import.TestInsurance" name="test_status_received_when_paid" time="0.125" /><testcase classname="backend.tests.test_iter3_insurance_import.TestInsurance" name="test_list_contains_created" time="0.094" /><testcase classname="backend.tests.test_iter3_insurance_import.TestInsurance" name="test_update_recomputes" time="0.098" /><testcase classname="backend.tests.test_iter3_insurance_import.TestInsurance" name="test_update_missing_404" time="0.135" /><testcase classname="backend.tests.test_iter3_insurance_import.TestInsurance" name="test_delete_all_created" time="0.417" /><testcase classname="backend.tests.test_iter3_insurance_import.TestLeadImport" name="test_preview_requires_auth" time="0.097" /><testcase classname="backend.tests.test_iter3_insurance_import.TestLeadImport" name="test_preview_csv" time="0.102" /><testcase classname="backend.tests.test_iter3_insurance_import.TestLeadImport" name="test_commit_csv" time="0.301" /><testcase classname="backend.tests.test_iter3_insurance_import.TestLeadImport" name="test_commit_xlsx" time="0.791" /><testcase classname="backend.tests.test_iter3_insurance_import.TestLeadImport" name="test_cleanup_imported" time="0.320" /></testsuite></testsuites>