<?xml version="1.0" encoding="utf-8"?><testsuites name="pytest tests"><testsuite name="pytest" errors="0" failures="0" skipped="0" tests="9" time="4.031" timestamp="2026-08-06T13:51:20.713829+00:00" hostname="agent-env-92a0692d-175e-47e7-8c76-f6708e281da5"><testcase classname="backend.tests.test_iter7_lead_edit_and_share" name="test_get_lead_baseline" time="0.488" /><testcase classname="backend.tests.test_iter7_lead_edit_and_share" name="test_update_lead_requires_auth" time="0.115" /><testcase classname="backend.tests.test_iter7_lead_edit_and_share" name="test_update_lead_owner_success" time="0.460" /><testcase classname="backend.tests.test_iter7_lead_edit_and_share" name="test_share_dashboard_public" time="0.122" /><testcase classname="backend.tests.test_iter7_lead_edit_and_share" name="test_owner_dashboard" time="0.117" /><testcase classname="backend.tests.test_iter7_lead_edit_and_share" name="test_owner_only_reports_owner" time="0.206" /><testcase classname="backend.tests.test_iter7_lead_edit_and_share" name="test_owner_only_reports_denied_for_exec" time="0.575" /><testcase classname="backend.tests.test_iter7_lead_edit_and_share" name="test_price_master" time="0.122" /><testcase classname="backend.tests.test_iter7_lead_edit_and_share" name="test_backfill_owner_only" time="1.763" /></testsuite></testsuites>