<?xml version="1.0" encoding="utf-8"?><testsuites name="pytest tests"><testsuite name="pytest" errors="0" failures="0" skipped="0" tests="8" time="5.165" timestamp="2026-08-07T16:48:04.851296+00:00" hostname="agent-env-92a0692d-175e-47e7-8c76-f6708e281da5"><testcase classname="backend.tests.test_iter11_receipts_flows.TestOverCapGuard" name="test_over_cap_rejects_422_and_valid_within_cap_persists_then_cleanup" time="1.436" /><testcase classname="backend.tests.test_iter11_receipts_flows.TestFinancerReceipt" name="test_unknown_file_404" time="0.105" /><testcase classname="backend.tests.test_iter11_receipts_flows.TestFinancerReceipt" name="test_full_flow_creates_file_receipt_and_no_customer_impact" time="0.886" /><testcase classname="backend.tests.test_iter11_receipts_flows.TestClaimReceipt" name="test_claim_receipt_flow_with_scheme_and_cleanup" time="0.773" /><testcase classname="backend.tests.test_iter11_receipts_flows.TestInsurerPayout" name="test_payout_flow_and_cleanup" time="0.317" /><testcase classname="backend.tests.test_iter11_receipts_flows.TestRegression" name="test_both_roles_login" time="0.648" /><testcase classname="backend.tests.test_iter11_receipts_flows.TestRegression" name="test_lists_load" time="0.322" /><testcase classname="backend.tests.test_iter11_receipts_flows.TestRegression" name="test_dealer_earnings_owner_only" time="0.531" /></testsuite></testsuites>