<?xml version="1.0" encoding="utf-8"?><testsuites name="pytest tests"><testsuite name="pytest" errors="0" failures="0" skipped="0" tests="32" time="7.964" timestamp="2026-08-07T18:22:35.886017+00:00" hostname="agent-env-92a0692d-175e-47e7-8c76-f6708e281da5"><testcase classname="backend.tests.test_iter13_14_parity.TestInsuranceRate" name="test_percent_49_normalized_to_fraction" time="1.223" /><testcase classname="backend.tests.test_iter13_14_parity.TestInsuranceRate" name="test_decimal_percent_365" time="0.199" /><testcase classname="backend.tests.test_iter13_14_parity.TestInsuranceRate" name="test_turbo_max_auto_default" time="0.216" /><testcase classname="backend.tests.test_iter13_14_parity.TestInsuranceRate" name="test_hiload_auto_default" time="0.195" /><testcase classname="backend.tests.test_iter13_14_parity.TestInsuranceRate" name="test_no_doc_has_rate_over_1" time="0.005" /><testcase classname="backend.tests.test_iter13_14_parity.TestInsuranceRate" name="test_cleanup" time="0.210" /><testcase classname="backend.tests.test_iter13_14_parity.TestExtraIncome" name="test_put_extra_income_folds_to_earnings" time="0.099" /><testcase classname="backend.tests.test_iter13_14_parity.TestExtraIncome" name="test_dealer_earnings_report_reflects_extra" time="0.048" /><testcase classname="backend.tests.test_iter13_14_parity.TestExtraIncome" name="test_reset_extra_income" time="0.052" /><testcase classname="backend.tests.test_iter13_14_parity.TestAuditLog" name="test_executive_blocked" time="0.472" /><testcase classname="backend.tests.test_iter13_14_parity.TestAuditLog" name="test_owner_lists_and_module_filter" time="0.226" /><testcase classname="backend.tests.test_iter13_14_parity.TestAuditLog" name="test_audit_written_for_payment_and_scheme" time="0.735" /><testcase classname="backend.tests.test_iter13_14_parity.TestDashboardKPIs" name="test_all_kpis_present" time="0.046" /><testcase classname="backend.tests.test_iter13_14_parity.TestClaimLifecycle" name="test_settle_persists_dates_and_ageing" time="0.488" /><testcase classname="backend.tests.test_iter13_14_parity.TestRsaAmcPrice" name="test_rsaAmc_flows_into_gvc" time="0.156" /><testcase classname="backend.tests.test_iter13_14_parity.TestDoubleSubmit" name="test_duplicate_payment_within_4s_rejected" time="0.302" /><testcase classname="backend.tests.test_iter13_14_parity.TestProductionAudit" name="test_executive_blocked" time="0.048" /><testcase classname="backend.tests.test_iter13_14_parity.TestProductionAudit" name="test_owner_returns_full_report" time="0.413" /><testcase classname="backend.tests.test_iter13_14_parity.TestRegressionGating" name="test_both_roles_login" time="0.697" /><testcase classname="backend.tests.test_iter13_14_parity.TestRegressionGating" name="test_owner_only_endpoints[/reports/owner-commercial]" time="0.098" /><testcase classname="backend.tests.test_iter13_14_parity.TestRegressionGating" name="test_owner_only_endpoints[/reports/oem-claim-dashboard]" time="0.095" /><testcase classname="backend.tests.test_iter13_14_parity.TestRegressionGating" name="test_owner_only_endpoints[/reports/claim-exceptions]" time="0.110" /><testcase classname="backend.tests.test_iter13_14_parity.TestRegressionGating" name="test_owner_only_endpoints[/reports/insurance-payout]" time="0.098" /><testcase classname="backend.tests.test_iter13_14_parity.TestRegressionGating" name="test_owner_only_endpoints[/reports/dealer-earnings]" time="0.099" /><testcase classname="backend.tests.test_iter13_14_parity.TestRegressionGating" name="test_owner_only_endpoints[/reports/production-audit]" time="0.399" /><testcase classname="backend.tests.test_iter13_14_parity.TestRegressionGating" name="test_owner_only_endpoints[/audit-log]" time="0.111" /><testcase classname="backend.tests.test_iter13_14_parity.TestRegressionGating" name="test_owner_only_endpoints[/dealer-earnings]" time="0.094" /><testcase classname="backend.tests.test_iter13_14_parity.TestRegressionGating" name="test_step_gating_book_already_booked" time="0.050" /><testcase classname="backend.tests.test_iter13_14_parity.TestRegressionGating" name="test_duplicate_mobile_409" time="0.096" /><testcase classname="backend.tests.test_iter13_14_parity.TestU1EndToEnd" name="test_reconciliation_and_revert" time="0.623" /><testcase classname="backend.tests.test_iter13_14_parity.TestBaselineAfterAll" name="test_ld26000002_baseline" time="0.047" /><testcase classname="backend.tests.test_iter13_14_parity.TestBaselineAfterAll" name="test_ld26000006_baseline" time="0.049" /></testsuite></testsuites>