<?xml version="1.0" encoding="utf-8"?><testsuites name="pytest tests"><testsuite name="pytest" errors="0" failures="1" skipped="0" tests="23" time="5.033" timestamp="2026-08-06T12:13:01.867742+00:00" hostname="agent-env-92a0692d-175e-47e7-8c76-f6708e281da5"><testcase classname="backend.tests.test_auth_and_iter2.TestAuth" name="test_login_wrong_password" time="0.473" /><testcase classname="backend.tests.test_auth_and_iter2.TestAuth" name="test_login_unknown_user" time="0.194" /><testcase classname="backend.tests.test_auth_and_iter2.TestAuth" name="test_business_route_requires_auth" time="0.166" /><testcase classname="backend.tests.test_auth_and_iter2.TestAuth" name="test_business_route_with_token" time="0.553" /><testcase classname="backend.tests.test_auth_and_iter2.TestAuth" name="test_me_endpoint" time="0.197" /><testcase classname="backend.tests.test_auth_and_iter2.TestAuth" name="test_invalid_token" time="0.167" /><testcase classname="backend.tests.test_auth_and_iter2.TestRoles" name="test_dealer_earnings_owner_ok" time="0.107" /><testcase classname="backend.tests.test_auth_and_iter2.TestRoles" name="test_dealer_earnings_exec_forbidden" time="0.441" /><testcase classname="backend.tests.test_auth_and_iter2.TestRoles" name="test_users_list_owner_ok" time="0.106" /><testcase classname="backend.tests.test_auth_and_iter2.TestRoles" name="test_users_list_exec_forbidden" time="0.121" /><testcase classname="backend.tests.test_auth_and_iter2.TestRoles" name="test_users_create_exec_forbidden" time="0.104" /><testcase classname="backend.tests.test_auth_and_iter2.TestRoles" name="test_users_create_and_delete_owner" time="0.325"><failure message="AssertionError: assert 'test_fee6b2c3@euler.com' == 'TEST_fee6b2c3@euler.com'&#10;  &#10;  - TEST_fee6b2c3@euler.com&#10;  ? ^^^^&#10;  + test_fee6b2c3@euler.com&#10;  ? ^^^^">backend/tests/test_auth_and_iter2.py:113: in test_users_create_and_delete_owner
    assert created["email"] == email
E   AssertionError: assert 'test_fee6b2c3@euler.com' == 'TEST_fee6b2c3@euler.com'
E     
E     - TEST_fee6b2c3@euler.com
E     ? ^^^^
E     + test_fee6b2c3@euler.com
E     ? ^^^^</failure></testcase><testcase classname="backend.tests.test_auth_and_iter2.TestPriceMasterCRUD" name="test_create_price_row" time="0.223" /><testcase classname="backend.tests.test_auth_and_iter2.TestPriceMasterCRUD" name="test_update_price_row" time="0.206" /><testcase classname="backend.tests.test_auth_and_iter2.TestPriceMasterCRUD" name="test_delete_price_row" time="0.248" /><testcase classname="backend.tests.test_auth_and_iter2.TestSchemeMasterCRUD" name="test_create_scheme_row" time="0.127" /><testcase classname="backend.tests.test_auth_and_iter2.TestSchemeMasterCRUD" name="test_update_scheme_row" time="0.111" /><testcase classname="backend.tests.test_auth_and_iter2.TestSchemeMasterCRUD" name="test_delete_scheme_row" time="0.125" /><testcase classname="backend.tests.test_auth_and_iter2.TestGSheetsIntegration" name="test_status_not_configured" time="0.105" /><testcase classname="backend.tests.test_auth_and_iter2.TestGSheetsIntegration" name="test_create_lead_succeeds_despite_disabled_sync" time="0.258" /><testcase classname="backend.tests.test_auth_and_iter2.TestExport" name="test_export_xlsx" time="0.333" /><testcase classname="backend.tests.test_auth_and_iter2.TestShareBoard" name="test_share_dashboard_public_no_auth" time="0.114" /><testcase classname="backend.tests.test_auth_and_iter2.TestShareBoard" name="test_share_dashboard_also_with_auth" time="0.116" /></testsuite></testsuites>