<?xml version="1.0" encoding="utf-8"?><testsuites name="pytest tests"><testsuite name="pytest" errors="0" failures="0" skipped="1" tests="10" time="3.650" timestamp="2026-08-06T14:21:17.038234+00:00" hostname="agent-env-92a0692d-175e-47e7-8c76-f6708e281da5"><testcase classname="backend.tests.test_iter8_step_gating_and_scheme.TestActions" name="test_booked_lead_actions" time="0.653" /><testcase classname="backend.tests.test_iter8_step_gating_and_scheme.TestActions" name="test_new_lead_actions" time="0.126" /><testcase classname="backend.tests.test_iter8_step_gating_and_scheme.TestStepGating" name="test_convert_booking_on_already_booked_returns_409" time="0.140" /><testcase classname="backend.tests.test_iter8_step_gating_and_scheme.TestStepGating" name="test_close_delivered_or_booked_ok_new_not" time="0.117"><skipped type="pytest.skip" message="no delivered lead to test close-gating on">/app/backend/tests/test_iter8_step_gating_and_scheme.py:120: no delivered lead to test close-gating on</skipped></testcase><testcase classname="backend.tests.test_iter8_step_gating_and_scheme.TestStepGating" name="test_delivery_on_non_booked_returns_409" time="0.111" /><testcase classname="backend.tests.test_iter8_step_gating_and_scheme.TestSchemeCompanyShare" name="test_scheme_company_share_capped" time="0.383" /><testcase classname="backend.tests.test_iter8_step_gating_and_scheme.TestReportsAndClaims" name="test_dealer_earnings_owner_ok" time="0.100" /><testcase classname="backend.tests.test_iter8_step_gating_and_scheme.TestReportsAndClaims" name="test_claims_owner_ok" time="0.125" /><testcase classname="backend.tests.test_iter8_step_gating_and_scheme.TestReportsAndClaims" name="test_executive_forbidden_owner_endpoints" time="0.587" /><testcase classname="backend.tests.test_iter8_step_gating_and_scheme.TestConvertOneNewLead" name="test_convert_new_lead_ld26000005" time="1.250" /></testsuite></testsuites>