<?xml version="1.0" encoding="utf-8"?><testsuites name="pytest tests"><testsuite name="pytest" errors="0" failures="0" skipped="0" tests="13" time="2.755" timestamp="2026-08-06T14:39:29.590154+00:00" hostname="agent-env-92a0692d-175e-47e7-8c76-f6708e281da5"><testcase classname="backend.tests.test_iter9_scheme_avail_delivery_close_dupmobile.TestSchemeRules" name="test_turbo_max_hides_consumer_discount" time="0.453" /><testcase classname="backend.tests.test_iter9_scheme_avail_delivery_close_dupmobile.TestSchemeRules" name="test_hi_load_all_five_allowed" time="0.193" /><testcase classname="backend.tests.test_iter9_scheme_avail_delivery_close_dupmobile.TestSchemeValidation" name="test_reject_unavailable_component_turbo" time="0.119" /><testcase classname="backend.tests.test_iter9_scheme_avail_delivery_close_dupmobile.TestSchemeValidation" name="test_reject_exchangebonus_above_cap" time="0.178" /><testcase classname="backend.tests.test_iter9_scheme_avail_delivery_close_dupmobile.TestSchemeValidation" name="test_valid_scheme_computes_company_share" time="0.290" /><testcase classname="backend.tests.test_iter9_scheme_avail_delivery_close_dupmobile.TestDeliveryValidation" name="test_delivery_missing_checklist_returns_422" time="0.166" /><testcase classname="backend.tests.test_iter9_scheme_avail_delivery_close_dupmobile.TestCloseValidation" name="test_close_empty_reason_422" time="0.111" /><testcase classname="backend.tests.test_iter9_scheme_avail_delivery_close_dupmobile.TestDuplicateMobile" name="test_duplicate_mobile_returns_409" time="0.191" /><testcase classname="backend.tests.test_iter9_scheme_avail_delivery_close_dupmobile.TestDealerEarnings" name="test_owner_dealer_earnings" time="0.129" /><testcase classname="backend.tests.test_iter9_scheme_avail_delivery_close_dupmobile.TestDealerEarnings" name="test_exec_denied_dealer_earnings" time="0.442" /><testcase classname="backend.tests.test_iter9_scheme_avail_delivery_close_dupmobile.TestStepGating" name="test_ld26000003_360_actions" time="0.111" /><testcase classname="backend.tests.test_iter9_scheme_avail_delivery_close_dupmobile.TestStepGating" name="test_ld26000003_convert_booking_409" time="0.173" /><testcase classname="backend.tests.test_iter9_scheme_avail_delivery_close_dupmobile.TestStepGating" name="test_ld26000009_360_actions" time="0.109" /></testsuite></testsuites>