<?xml version="1.0" encoding="utf-8"?><testsuites name="pytest tests"><testsuite name="pytest" errors="0" failures="0" skipped="1" tests="30" time="3.307" timestamp="2026-08-06T11:50:16.286936+00:00" hostname="agent-env-92a0692d-175e-47e7-8c76-f6708e281da5"><testcase classname="backend.tests.test_euler_crm" name="test_root" time="0.181" /><testcase classname="backend.tests.test_euler_crm" name="test_dashboard" time="0.069" /><testcase classname="backend.tests.test_euler_crm" name="test_leads_list" time="0.070" /><testcase classname="backend.tests.test_euler_crm" name="test_leads_status_filter" time="0.071" /><testcase classname="backend.tests.test_euler_crm" name="test_leads_search" time="0.140" /><testcase classname="backend.tests.test_euler_crm" name="test_lead_360" time="0.073" /><testcase classname="backend.tests.test_euler_crm" name="test_registers[/price-master-69]" time="0.072" /><testcase classname="backend.tests.test_euler_crm" name="test_registers[/scheme-master-33]" time="0.071" /><testcase classname="backend.tests.test_euler_crm" name="test_registers[/incentive-master-1]" time="0.074" /><testcase classname="backend.tests.test_euler_crm" name="test_registers[/bookings-3]" time="0.070" /><testcase classname="backend.tests.test_euler_crm" name="test_registers[/payments-1]" time="0.070" /><testcase classname="backend.tests.test_euler_crm" name="test_registers[/finance-0]" time="0.068" /><testcase classname="backend.tests.test_euler_crm" name="test_registers[/insurance-0]" time="0.069" /><testcase classname="backend.tests.test_euler_crm" name="test_registers[/deliveries-0]" time="0.071" /><testcase classname="backend.tests.test_euler_crm" name="test_registers[/activities-1]" time="0.069" /><testcase classname="backend.tests.test_euler_crm" name="test_registers[/claims-0]" time="0.067" /><testcase classname="backend.tests.test_euler_crm" name="test_registers[/quotations-0]" time="0.068" /><testcase classname="backend.tests.test_euler_crm" name="test_dealer_earnings" time="0.067" /><testcase classname="backend.tests.test_euler_crm" name="test_masters_endpoint" time="0.067" /><testcase classname="backend.tests.test_euler_crm" name="test_price_variants_turbo_max" time="0.068" /><testcase classname="backend.tests.test_euler_crm" name="test_create_lead" time="0.206" /><testcase classname="backend.tests.test_euler_crm" name="test_journey_convert_booking" time="0.443" /><testcase classname="backend.tests.test_euler_crm" name="test_journey_price_structure" time="0.138" /><testcase classname="backend.tests.test_euler_crm" name="test_journey_scheme" time="0.110" /><testcase classname="backend.tests.test_euler_crm" name="test_journey_payment_finance" time="0.238" /><testcase classname="backend.tests.test_euler_crm" name="test_journey_delivery" time="0.138" /><testcase classname="backend.tests.test_euler_crm" name="test_journey_close" time="0.125" /><testcase classname="backend.tests.test_euler_crm" name="test_commercial_compute" time="0.069" /><testcase classname="backend.tests.test_euler_crm" name="test_quotation_create" time="0.079" /><testcase classname="backend.tests.test_euler_crm" name="test_claim_settle" time="0.067"><skipped type="pytest.skip" message="No claims derived (leads may have no discounts)">/app/backend/tests/test_euler_crm.py:270: No claims derived (leads may have no discounts)</skipped></testcase></testsuite></testsuites>